#
# There is insufficient memory for the Java Runtime Environment to continue.
# Native memory allocation (malloc) failed to allocate 1117696 bytes for Chunk::new
# Possible reasons:
#   The system is out of physical RAM or swap space
#   The process is running with CompressedOops enabled, and the Java Heap may be blocking the growth of the native heap
# Possible solutions:
#   Reduce memory load on the system
#   Increase physical memory or swap space
#   Check if swap backing store is full
#   Decrease Java heap size (-Xmx/-Xms)
#   Decrease number of Java threads
#   Decrease Java thread stack sizes (-Xss)
#   Set larger code cache with -XX:ReservedCodeCacheSize=
#   JVM is running with Zero Based Compressed Oops mode in which the Java heap is
#     placed in the first 32GB address space. The Java Heap base address is the
#     maximum limit for the native heap growth. Please use -XX:HeapBaseMinAddress
#     to set the Java Heap base and to place the Java Heap above 32GB virtual address.
# This output file may be truncated or incomplete.
#
#  Out of Memory Error (arena.cpp:189), pid=9444, tid=6552
#
# JRE version: OpenJDK Runtime Environment (17.0.7) (build 17.0.7+0-b2043.56-10550314)
# Java VM: OpenJDK 64-Bit Server VM (17.0.7+0-b2043.56-10550314, mixed mode, tiered, compressed oops, compressed class ptrs, g1 gc, windows-amd64)
# No core dump will be written. Minidumps are not enabled by default on client versions of Windows
#

---------------  S U M M A R Y ------------

Command Line: org.jetbrains.kotlin.cli.jvm.K2JVMCompiler @C:\Users\Lydia\Documents\FP\TFG\AnxietyCatApp\app\build\20240314_1204968213657915559.compiler.options

Host: Intel(R) Core(TM) i5-7200U CPU @ 2.50GHz, 4 cores, 11G,  Windows 10 , 64 bit Build 19041 (10.0.19041.3636)
Time: Thu Mar 14 18:53:37 2024 Hora estándar romance elapsed time: 13.985532 seconds (0d 0h 0m 13s)

---------------  T H R E A D  ---------------

Current thread (0x000001a924576af0):  JavaThread "C2 CompilerThread0" daemon [_thread_in_native, id=6552, stack(0x0000002c29300000,0x0000002c29400000)]


Current CompileTask:
C2:  13985 10432       4       org.jetbrains.kotlin.codegen.signature.JvmSignatureWriter::writeAsmType (73 bytes)

Stack: [0x0000002c29300000,0x0000002c29400000]
Native frames: (J=compiled Java code, j=interpreted, Vv=VM code, C=native code)
V  [jvm.dll+0x683bfa]
V  [jvm.dll+0x8430a4]
V  [jvm.dll+0x8449be]
V  [jvm.dll+0x845023]
V  [jvm.dll+0x24ad2f]
V  [jvm.dll+0xac25c]
V  [jvm.dll+0xac82c]
V  [jvm.dll+0x2b218f]
V  [jvm.dll+0x58c2f7]
V  [jvm.dll+0x225a12]
V  [jvm.dll+0x225def]
V  [jvm.dll+0x21f0b5]
V  [jvm.dll+0x21c56b]
V  [jvm.dll+0x1a605d]
V  [jvm.dll+0x22c148]
V  [jvm.dll+0x22a209]
V  [jvm.dll+0x7f858c]
V  [jvm.dll+0x7f2aea]
V  [jvm.dll+0x682a35]
C  [ucrtbase.dll+0x21bb2]
C  [KERNEL32.DLL+0x17344]
C  [ntdll.dll+0x526b1]


---------------  P R O C E S S  ---------------

Threads class SMR info:
_java_thread_list=0x000001a924577c70, length=13, elements={
0x000001a9069616b0, 0x000001a9243d1590, 0x000001a9243d2ba0, 0x000001a924554980,
0x000001a924556540, 0x000001a9245597a0, 0x000001a92455a8f0, 0x000001a924576af0,
0x000001a924577da0, 0x000001a92457bc40, 0x000001a9246df470, 0x000001a9246dbec0,
0x000001a92473a700
}

Java Threads: ( => current thread )
  0x000001a9069616b0 JavaThread "main" [_thread_in_Java, id=8412, stack(0x0000002c28600000,0x0000002c28700000)]
  0x000001a9243d1590 JavaThread "Reference Handler" daemon [_thread_blocked, id=14060, stack(0x0000002c28d00000,0x0000002c28e00000)]
  0x000001a9243d2ba0 JavaThread "Finalizer" daemon [_thread_blocked, id=11744, stack(0x0000002c28e00000,0x0000002c28f00000)]
  0x000001a924554980 JavaThread "Signal Dispatcher" daemon [_thread_blocked, id=10404, stack(0x0000002c28f00000,0x0000002c29000000)]
  0x000001a924556540 JavaThread "Attach Listener" daemon [_thread_blocked, id=9212, stack(0x0000002c29000000,0x0000002c29100000)]
  0x000001a9245597a0 JavaThread "Service Thread" daemon [_thread_blocked, id=14968, stack(0x0000002c29100000,0x0000002c29200000)]
  0x000001a92455a8f0 JavaThread "Monitor Deflation Thread" daemon [_thread_blocked, id=3492, stack(0x0000002c29200000,0x0000002c29300000)]
=>0x000001a924576af0 JavaThread "C2 CompilerThread0" daemon [_thread_in_native, id=6552, stack(0x0000002c29300000,0x0000002c29400000)]
  0x000001a924577da0 JavaThread "C1 CompilerThread0" daemon [_thread_blocked, id=7716, stack(0x0000002c29400000,0x0000002c29500000)]
  0x000001a92457bc40 JavaThread "Sweeper thread" daemon [_thread_blocked, id=14500, stack(0x0000002c29500000,0x0000002c29600000)]
  0x000001a9246df470 JavaThread "Notification Thread" daemon [_thread_blocked, id=14716, stack(0x0000002c29600000,0x0000002c29700000)]
  0x000001a9246dbec0 JavaThread "Common-Cleaner" daemon [_thread_blocked, id=14244, stack(0x0000002c29800000,0x0000002c29900000)]
  0x000001a92473a700 JavaThread "C2 CompilerThread1" daemon [_thread_in_native, id=6740, stack(0x0000002c29900000,0x0000002c29a00000)]

Other Threads:
  0x000001a9243cacc0 VMThread "VM Thread" [stack: 0x0000002c28c00000,0x0000002c28d00000] [id=14580]
  0x000001a9246df940 WatcherThread [stack: 0x0000002c29700000,0x0000002c29800000] [id=14392]
  0x000001a9069b9c40 GCTaskThread "GC Thread#0" [stack: 0x0000002c28700000,0x0000002c28800000] [id=7484]
  0x000001a9292137e0 GCTaskThread "GC Thread#1" [stack: 0x0000002c29a00000,0x0000002c29b00000] [id=14588]
  0x000001a929213a90 GCTaskThread "GC Thread#2" [stack: 0x0000002c29b00000,0x0000002c29c00000] [id=8452]
  0x000001a929213d40 GCTaskThread "GC Thread#3" [stack: 0x0000002c29c00000,0x0000002c29d00000] [id=5572]
  0x000001a9069c6990 ConcurrentGCThread "G1 Main Marker" [stack: 0x0000002c28800000,0x0000002c28900000] [id=12788]
  0x000001a9069c7b40 ConcurrentGCThread "G1 Conc#0" [stack: 0x0000002c28900000,0x0000002c28a00000] [id=6856]
  0x000001a906a260b0 ConcurrentGCThread "G1 Refine#0" [stack: 0x0000002c28a00000,0x0000002c28b00000] [id=4728]
  0x000001a929692480 ConcurrentGCThread "G1 Refine#1" [stack: 0x0000002c29d00000,0x0000002c29e00000] [id=10800]
  0x000001a9296921a0 ConcurrentGCThread "G1 Refine#2" [stack: 0x0000002c29e00000,0x0000002c29f00000] [id=13384]
  0x000001a906a26ad0 ConcurrentGCThread "G1 Service" [stack: 0x0000002c28b00000,0x0000002c28c00000] [id=3480]

Threads with active compile tasks:
C2 CompilerThread0    14020 10432       4       org.jetbrains.kotlin.codegen.signature.JvmSignatureWriter::writeAsmType (73 bytes)
C1 CompilerThread0    14020 10720       2       org.jetbrains.kotlin.codegen.inline.MaxStackFrameSizeAndLocalsCalculator::visitFieldInsn (172 bytes)
C2 CompilerThread1    14020 10649       4       org.jetbrains.kotlin.backend.jvm.mapping.MethodSignatureMapper::mapSignature (587 bytes)

VM state: not at safepoint (normal execution)

VM Mutex/Monitor currently owned by a thread: None

Heap address: 0x0000000741e00000, size: 3042 MB, Compressed Oops mode: Zero based, Oop shift amount: 3

CDS archive(s) not mapped
Compressed class space mapped at: 0x0000000800000000-0x0000000840000000, reserved size: 1073741824
Narrow klass base: 0x0000000800000000, Narrow klass shift: 0, Narrow klass range: 0x40000000

GC Precious Log:
 CPUs: 4 total, 4 available
 Memory: 12160M
 Large Page Support: Disabled
 NUMA Support: Disabled
 Compressed Oops: Enabled (Zero based)
 Heap Region Size: 2M
 Heap Min Capacity: 8M
 Heap Initial Capacity: 192M
 Heap Max Capacity: 3042M
 Pre-touch: Disabled
 Parallel Workers: 4
 Concurrent Workers: 1
 Concurrent Refinement Workers: 4
 Periodic GC: Disabled

Heap:
 garbage-first heap   total 180224K, used 127407K [0x0000000741e00000, 0x0000000800000000)
  region size 2048K, 40 young (81920K), 5 survivors (10240K)
 Metaspace       used 73093K, committed 73280K, reserved 1114112K
  class space    used 7935K, committed 8000K, reserved 1048576K

Heap Regions: E=young(eden), S=young(survivor), O=old, HS=humongous(starts), HC=humongous(continues), CS=collection set, F=free, OA=open archive, CA=closed archive, TAMS=top-at-mark-start (previous, next)
|   0|0x0000000741e00000, 0x0000000742000000, 0x0000000742000000|100%|HS|  |TAMS 0x0000000742000000, 0x0000000741e00000| Complete 
|   1|0x0000000742000000, 0x0000000742200000, 0x0000000742200000|100%|HC|  |TAMS 0x0000000742200000, 0x0000000742000000| Complete 
|   2|0x0000000742200000, 0x0000000742400000, 0x0000000742400000|100%| O|  |TAMS 0x0000000742400000, 0x0000000742200000| Untracked 
|   3|0x0000000742400000, 0x0000000742600000, 0x0000000742600000|100%|HS|  |TAMS 0x0000000742600000, 0x0000000742400000| Complete 
|   4|0x0000000742600000, 0x0000000742800000, 0x0000000742800000|100%| O|  |TAMS 0x0000000742800000, 0x0000000742600000| Untracked 
|   5|0x0000000742800000, 0x0000000742a00000, 0x0000000742a00000|100%| O|  |TAMS 0x0000000742a00000, 0x0000000742800000| Untracked 
|   6|0x0000000742a00000, 0x0000000742c00000, 0x0000000742c00000|100%| O|  |TAMS 0x0000000742c00000, 0x0000000742a00000| Untracked 
|   7|0x0000000742c00000, 0x0000000742e00000, 0x0000000742e00000|100%| O|  |TAMS 0x0000000742e00000, 0x0000000742c00000| Untracked 
|   8|0x0000000742e00000, 0x0000000743000000, 0x0000000743000000|100%| O|  |TAMS 0x0000000743000000, 0x0000000742e00000| Untracked 
|   9|0x0000000743000000, 0x000000074306be00, 0x0000000743200000| 21%| O|  |TAMS 0x0000000743000000, 0x0000000743000000| Untracked 
|  10|0x0000000743200000, 0x0000000743400000, 0x0000000743400000|100%| O|  |TAMS 0x0000000743400000, 0x0000000743200000| Untracked 
|  11|0x0000000743400000, 0x0000000743600000, 0x0000000743600000|100%| O|  |TAMS 0x0000000743600000, 0x0000000743400000| Untracked 
|  12|0x0000000743600000, 0x0000000743800000, 0x0000000743800000|100%| O|  |TAMS 0x0000000743800000, 0x0000000743600000| Untracked 
|  13|0x0000000743800000, 0x0000000743a00000, 0x0000000743a00000|100%| O|  |TAMS 0x0000000743a00000, 0x0000000743800000| Untracked 
|  14|0x0000000743a00000, 0x0000000743c00000, 0x0000000743c00000|100%| O|  |TAMS 0x0000000743c00000, 0x0000000743a00000| Untracked 
|  15|0x0000000743c00000, 0x0000000743e00000, 0x0000000743e00000|100%| O|  |TAMS 0x0000000743e00000, 0x0000000743c00000| Untracked 
|  16|0x0000000743e00000, 0x0000000744000000, 0x0000000744000000|100%| O|  |TAMS 0x0000000744000000, 0x0000000743e00000| Untracked 
|  17|0x0000000744000000, 0x0000000744200000, 0x0000000744200000|100%| O|  |TAMS 0x0000000744200000, 0x0000000744000000| Untracked 
|  18|0x0000000744200000, 0x0000000744400000, 0x0000000744400000|100%| O|  |TAMS 0x0000000744400000, 0x0000000744200000| Untracked 
|  19|0x0000000744400000, 0x0000000744600000, 0x0000000744600000|100%| O|  |TAMS 0x0000000744600000, 0x0000000744400000| Untracked 
|  20|0x0000000744600000, 0x0000000744800000, 0x0000000744800000|100%| O|  |TAMS 0x0000000744800000, 0x0000000744600000| Untracked 
|  21|0x0000000744800000, 0x0000000744a00000, 0x0000000744a00000|100%| O|  |TAMS 0x0000000744a00000, 0x0000000744800000| Untracked 
|  22|0x0000000744a00000, 0x0000000744c00000, 0x0000000744c00000|100%| O|  |TAMS 0x0000000744c00000, 0x0000000744a00000| Untracked 
|  23|0x0000000744c00000, 0x0000000744e00000, 0x0000000744e00000|100%| O|  |TAMS 0x0000000744e00000, 0x0000000744c00000| Untracked 
|  24|0x0000000744e00000, 0x0000000744e00000, 0x0000000745000000|  0%| F|  |TAMS 0x0000000744e00000, 0x0000000744e00000| Untracked 
|  25|0x0000000745000000, 0x0000000745000000, 0x0000000745200000|  0%| F|  |TAMS 0x0000000745000000, 0x0000000745000000| Untracked 
|  26|0x0000000745200000, 0x0000000745200000, 0x0000000745400000|  0%| F|  |TAMS 0x0000000745200000, 0x0000000745200000| Untracked 
|  27|0x0000000745400000, 0x0000000745400000, 0x0000000745600000|  0%| F|  |TAMS 0x0000000745400000, 0x0000000745400000| Untracked 
|  28|0x0000000745600000, 0x0000000745600000, 0x0000000745800000|  0%| F|  |TAMS 0x0000000745600000, 0x0000000745600000| Untracked 
|  29|0x0000000745800000, 0x0000000745800000, 0x0000000745a00000|  0%| F|  |TAMS 0x0000000745800000, 0x0000000745800000| Untracked 
|  30|0x0000000745a00000, 0x0000000745a00000, 0x0000000745c00000|  0%| F|  |TAMS 0x0000000745a00000, 0x0000000745a00000| Untracked 
|  31|0x0000000745c00000, 0x0000000745c00000, 0x0000000745e00000|  0%| F|  |TAMS 0x0000000745c00000, 0x0000000745c00000| Untracked 
|  32|0x0000000745e00000, 0x0000000745e00000, 0x0000000746000000|  0%| F|  |TAMS 0x0000000745e00000, 0x0000000745e00000| Untracked 
|  33|0x0000000746000000, 0x0000000746000000, 0x0000000746200000|  0%| F|  |TAMS 0x0000000746000000, 0x0000000746000000| Untracked 
|  34|0x0000000746200000, 0x0000000746200000, 0x0000000746400000|  0%| F|  |TAMS 0x0000000746200000, 0x0000000746200000| Untracked 
|  35|0x0000000746400000, 0x0000000746400000, 0x0000000746600000|  0%| F|  |TAMS 0x0000000746400000, 0x0000000746400000| Untracked 
|  36|0x0000000746600000, 0x0000000746600000, 0x0000000746800000|  0%| F|  |TAMS 0x0000000746600000, 0x0000000746600000| Untracked 
|  37|0x0000000746800000, 0x0000000746800000, 0x0000000746a00000|  0%| F|  |TAMS 0x0000000746800000, 0x0000000746800000| Untracked 
|  38|0x0000000746a00000, 0x0000000746a00000, 0x0000000746c00000|  0%| F|  |TAMS 0x0000000746a00000, 0x0000000746a00000| Untracked 
|  39|0x0000000746c00000, 0x0000000746c00000, 0x0000000746e00000|  0%| F|  |TAMS 0x0000000746c00000, 0x0000000746c00000| Untracked 
|  40|0x0000000746e00000, 0x0000000746e00000, 0x0000000747000000|  0%| F|  |TAMS 0x0000000746e00000, 0x0000000746e00000| Untracked 
|  41|0x0000000747000000, 0x0000000747000000, 0x0000000747200000|  0%| F|  |TAMS 0x0000000747000000, 0x0000000747000000| Untracked 
|  42|0x0000000747200000, 0x0000000747200000, 0x0000000747400000|  0%| F|  |TAMS 0x0000000747200000, 0x0000000747200000| Untracked 
|  43|0x0000000747400000, 0x0000000747400000, 0x0000000747600000|  0%| F|  |TAMS 0x0000000747400000, 0x0000000747400000| Untracked 
|  44|0x0000000747600000, 0x0000000747800000, 0x0000000747800000|100%| S|CS|TAMS 0x0000000747600000, 0x0000000747600000| Complete 
|  45|0x0000000747800000, 0x0000000747a00000, 0x0000000747a00000|100%| S|CS|TAMS 0x0000000747800000, 0x0000000747800000| Complete 
|  46|0x0000000747a00000, 0x0000000747c00000, 0x0000000747c00000|100%| S|CS|TAMS 0x0000000747a00000, 0x0000000747a00000| Complete 
|  47|0x0000000747c00000, 0x0000000747e00000, 0x0000000747e00000|100%| S|CS|TAMS 0x0000000747c00000, 0x0000000747c00000| Complete 
|  48|0x0000000747e00000, 0x0000000748000000, 0x0000000748000000|100%| S|CS|TAMS 0x0000000747e00000, 0x0000000747e00000| Complete 
|  49|0x0000000748000000, 0x0000000748000000, 0x0000000748200000|  0%| F|  |TAMS 0x0000000748000000, 0x0000000748000000| Untracked 
|  50|0x0000000748200000, 0x0000000748200000, 0x0000000748400000|  0%| F|  |TAMS 0x0000000748200000, 0x0000000748200000| Untracked 
|  51|0x0000000748400000, 0x0000000748400000, 0x0000000748600000|  0%| F|  |TAMS 0x0000000748400000, 0x0000000748400000| Untracked 
|  52|0x0000000748600000, 0x0000000748600000, 0x0000000748800000|  0%| F|  |TAMS 0x0000000748600000, 0x0000000748600000| Untracked 
|  53|0x0000000748800000, 0x0000000748a00000, 0x0000000748a00000|100%| E|  |TAMS 0x0000000748800000, 0x0000000748800000| Complete 
|  54|0x0000000748a00000, 0x0000000748c00000, 0x0000000748c00000|100%| E|CS|TAMS 0x0000000748a00000, 0x0000000748a00000| Complete 
|  55|0x0000000748c00000, 0x0000000748e00000, 0x0000000748e00000|100%| E|CS|TAMS 0x0000000748c00000, 0x0000000748c00000| Complete 
|  56|0x0000000748e00000, 0x0000000749000000, 0x0000000749000000|100%| E|CS|TAMS 0x0000000748e00000, 0x0000000748e00000| Complete 
|  57|0x0000000749000000, 0x0000000749200000, 0x0000000749200000|100%| E|CS|TAMS 0x0000000749000000, 0x0000000749000000| Complete 
|  58|0x0000000749200000, 0x0000000749400000, 0x0000000749400000|100%| E|CS|TAMS 0x0000000749200000, 0x0000000749200000| Complete 
|  59|0x0000000749400000, 0x0000000749600000, 0x0000000749600000|100%| E|CS|TAMS 0x0000000749400000, 0x0000000749400000| Complete 
|  60|0x0000000749600000, 0x0000000749800000, 0x0000000749800000|100%| E|CS|TAMS 0x0000000749600000, 0x0000000749600000| Complete 
|  61|0x0000000749800000, 0x0000000749a00000, 0x0000000749a00000|100%| E|CS|TAMS 0x0000000749800000, 0x0000000749800000| Complete 
|  62|0x0000000749a00000, 0x0000000749c00000, 0x0000000749c00000|100%| E|CS|TAMS 0x0000000749a00000, 0x0000000749a00000| Complete 
|  63|0x0000000749c00000, 0x0000000749e00000, 0x0000000749e00000|100%| E|CS|TAMS 0x0000000749c00000, 0x0000000749c00000| Complete 
|  64|0x0000000749e00000, 0x000000074a000000, 0x000000074a000000|100%| E|CS|TAMS 0x0000000749e00000, 0x0000000749e00000| Complete 
|  65|0x000000074a000000, 0x000000074a200000, 0x000000074a200000|100%| E|CS|TAMS 0x000000074a000000, 0x000000074a000000| Complete 
|  66|0x000000074a200000, 0x000000074a400000, 0x000000074a400000|100%| E|CS|TAMS 0x000000074a200000, 0x000000074a200000| Complete 
|  67|0x000000074a400000, 0x000000074a600000, 0x000000074a600000|100%| E|CS|TAMS 0x000000074a400000, 0x000000074a400000| Complete 
|  68|0x000000074a600000, 0x000000074a800000, 0x000000074a800000|100%| E|CS|TAMS 0x000000074a600000, 0x000000074a600000| Complete 
|  69|0x000000074a800000, 0x000000074aa00000, 0x000000074aa00000|100%| E|CS|TAMS 0x000000074a800000, 0x000000074a800000| Complete 
|  70|0x000000074aa00000, 0x000000074ac00000, 0x000000074ac00000|100%| E|CS|TAMS 0x000000074aa00000, 0x000000074aa00000| Complete 
|  71|0x000000074ac00000, 0x000000074ae00000, 0x000000074ae00000|100%| E|CS|TAMS 0x000000074ac00000, 0x000000074ac00000| Complete 
|  72|0x000000074ae00000, 0x000000074b000000, 0x000000074b000000|100%| E|CS|TAMS 0x000000074ae00000, 0x000000074ae00000| Complete 
|  73|0x000000074b000000, 0x000000074b200000, 0x000000074b200000|100%| E|CS|TAMS 0x000000074b000000, 0x000000074b000000| Complete 
|  74|0x000000074b200000, 0x000000074b400000, 0x000000074b400000|100%| E|CS|TAMS 0x000000074b200000, 0x000000074b200000| Complete 
|  75|0x000000074b400000, 0x000000074b600000, 0x000000074b600000|100%| E|CS|TAMS 0x000000074b400000, 0x000000074b400000| Complete 
|  76|0x000000074b600000, 0x000000074b800000, 0x000000074b800000|100%| E|CS|TAMS 0x000000074b600000, 0x000000074b600000| Complete 
|  77|0x000000074b800000, 0x000000074ba00000, 0x000000074ba00000|100%| E|CS|TAMS 0x000000074b800000, 0x000000074b800000| Complete 
|  78|0x000000074ba00000, 0x000000074bc00000, 0x000000074bc00000|100%| E|CS|TAMS 0x000000074ba00000, 0x000000074ba00000| Complete 
|  79|0x000000074bc00000, 0x000000074be00000, 0x000000074be00000|100%| E|CS|TAMS 0x000000074bc00000, 0x000000074bc00000| Complete 
|  80|0x000000074be00000, 0x000000074c000000, 0x000000074c000000|100%| E|CS|TAMS 0x000000074be00000, 0x000000074be00000| Complete 
|  81|0x000000074c000000, 0x000000074c200000, 0x000000074c200000|100%| E|CS|TAMS 0x000000074c000000, 0x000000074c000000| Complete 
|  82|0x000000074c200000, 0x000000074c400000, 0x000000074c400000|100%| E|CS|TAMS 0x000000074c200000, 0x000000074c200000| Complete 
|  83|0x000000074c400000, 0x000000074c600000, 0x000000074c600000|100%| E|CS|TAMS 0x000000074c400000, 0x000000074c400000| Complete 
|  84|0x000000074c600000, 0x000000074c800000, 0x000000074c800000|100%| E|CS|TAMS 0x000000074c600000, 0x000000074c600000| Complete 
|  85|0x000000074c800000, 0x000000074ca00000, 0x000000074ca00000|100%| E|CS|TAMS 0x000000074c800000, 0x000000074c800000| Complete 
|  86|0x000000074ca00000, 0x000000074cc00000, 0x000000074cc00000|100%| E|CS|TAMS 0x000000074ca00000, 0x000000074ca00000| Complete 
|  95|0x000000074dc00000, 0x000000074de00000, 0x000000074de00000|100%| E|CS|TAMS 0x000000074dc00000, 0x000000074dc00000| Complete 

Card table byte_map: [0x000001a91b250000,0x000001a91b850000] _byte_map_base: 0x000001a917841000

Marking Bits (Prev, Next): (CMBitMap*) 0x000001a9069ba250, (CMBitMap*) 0x000001a9069ba290
 Prev Bits: [0x000001a91be50000, 0x000001a91edd8000)
 Next Bits: [0x000001a91ede0000, 0x000001a921d68000)

Polling page: 0x000001a906a30000

Metaspace:

Usage:
  Non-class:     63.63 MB used.
      Class:      7.75 MB used.
       Both:     71.38 MB used.

Virtual space:
  Non-class space:       64.00 MB reserved,      63.75 MB (>99%) committed,  1 nodes.
      Class space:        1.00 GB reserved,       7.81 MB ( <1%) committed,  1 nodes.
             Both:        1.06 GB reserved,      71.56 MB (  7%) committed. 

Chunk freelists:
   Non-Class:  128.00 KB
       Class:  8.12 MB
        Both:  8.25 MB

MaxMetaspaceSize: unlimited
CompressedClassSpaceSize: 1.00 GB
Initial GC threshold: 21.00 MB
Current GC threshold: 112.50 MB
CDS: off
MetaspaceReclaimPolicy: balanced
 - commit_granule_bytes: 65536.
 - commit_granule_words: 8192.
 - virtual_space_node_default_size: 8388608.
 - enlarge_chunks_in_place: 1.
 - new_chunks_are_fully_committed: 0.
 - uncommit_free_chunks: 1.
 - use_allocation_guard: 0.
 - handle_deallocations: 1.


Internal statistics:

num_allocs_failed_limit: 15.
num_arena_births: 238.
num_arena_deaths: 0.
num_vsnodes_births: 2.
num_vsnodes_deaths: 0.
num_space_committed: 1143.
num_space_uncommitted: 0.
num_chunks_returned_to_freelist: 15.
num_chunks_taken_from_freelist: 2463.
num_chunk_merges: 15.
num_chunk_splits: 2119.
num_chunks_enlarged: 1928.
num_inconsistent_stats: 0.

CodeHeap 'non-profiled nmethods': size=120000Kb used=4268Kb max_used=4692Kb free=115731Kb
 bounds [0x000001a9130e0000, 0x000001a913580000, 0x000001a91a610000]
CodeHeap 'profiled nmethods': size=120000Kb used=24135Kb max_used=25669Kb free=95864Kb
 bounds [0x000001a90b610000, 0x000001a90cf30000, 0x000001a912b40000]
CodeHeap 'non-nmethods': size=5760Kb used=1402Kb max_used=1544Kb free=4357Kb
 bounds [0x000001a912b40000, 0x000001a912db0000, 0x000001a9130e0000]
 total_blobs=9650 nmethods=8923 adapters=635
 compilation: enabled
              stopped_count=0, restarted_count=0
 full_count=0

Compilation events (20 events):
Event: 13.926 Thread 0x000001a924577da0 10689       2       org.jetbrains.kotlin.codegen.inline.MaxLocalsCalculator::visitLocalVariable (85 bytes)
Event: 13.926 Thread 0x000001a924577da0 nmethod 10689 0x000001a90c2c1b90 code [0x000001a90c2c1d80, 0x000001a90c2c2148]
Event: 13.926 Thread 0x000001a924577da0 10690       2       org.jetbrains.kotlin.codegen.optimization.NegatedJumpsMethodTransformer::negatedConditionalJumpOpcode$lambda$0$negated (9 bytes)
Event: 13.927 Thread 0x000001a924577da0 nmethod 10690 0x000001a90c9c8c10 code [0x000001a90c9c8da0, 0x000001a90c9c8ed8]
Event: 13.927 Thread 0x000001a924577da0 10691       1       org.jetbrains.kotlin.codegen.inline.SourcePosition::getLine (5 bytes)
Event: 13.927 Thread 0x000001a924577da0 nmethod 10691 0x000001a91352f810 code [0x000001a91352f9a0, 0x000001a91352fa78]
Event: 13.927 Thread 0x000001a924577da0 10692       1       org.jetbrains.kotlin.codegen.inline.SourcePosition::getFile (5 bytes)
Event: 13.927 Thread 0x000001a924577da0 nmethod 10692 0x000001a91352f510 code [0x000001a91352f6a0, 0x000001a91352f778]
Event: 13.927 Thread 0x000001a924577da0 10693       1       org.jetbrains.kotlin.codegen.inline.SourcePosition::getPath (5 bytes)
Event: 13.927 Thread 0x000001a924577da0 nmethod 10693 0x000001a91352f210 code [0x000001a91352f3a0, 0x000001a91352f478]
Event: 13.927 Thread 0x000001a924577da0 10694       1       org.jetbrains.kotlin.codegen.inline.RangeMapping::setRange (6 bytes)
Event: 13.927 Thread 0x000001a924577da0 nmethod 10694 0x000001a91352ef10 code [0x000001a91352f0a0, 0x000001a91352f178]
Event: 13.927 Thread 0x000001a924577da0 10695       2       org.jetbrains.kotlin.codegen.optimization.boxing.PopBackwardPropagationTransformer$Transformer$HazardsTrackingInterpreter::copyOperation (13 bytes)
Event: 13.928 Thread 0x000001a924577da0 nmethod 10695 0x000001a90be15c90 code [0x000001a90be15e20, 0x000001a90be15f88]
Event: 13.928 Thread 0x000001a924577da0 10696       2       org.jetbrains.kotlin.codegen.optimization.boxing.PopBackwardPropagationTransformer$Transformer$HazardsTrackingInterpreter::copyOperation (45 bytes)
Event: 13.929 Thread 0x000001a924577da0 nmethod 10696 0x000001a90be4af10 code [0x000001a90be4b160, 0x000001a90be4b868]
Event: 13.937 Thread 0x000001a924577da0 10697       2       org.jetbrains.kotlin.codegen.AsmUtil::boxPrimitiveType (42 bytes)
Event: 13.937 Thread 0x000001a924577da0 nmethod 10697 0x000001a90c358f10 code [0x000001a90c359140, 0x000001a90c359538]
Event: 13.968 Thread 0x000001a924577da0 10700       2       org.jetbrains.kotlin.backend.jvm.ir.JvmIrTypeUtilsKt::getErasedUpperBound (83 bytes)
Event: 13.970 Thread 0x000001a924577da0 nmethod 10700 0x000001a90bc6b190 code [0x000001a90bc6b560, 0x000001a90bc6c348]

GC Heap History (20 events):
Event: 1.799 GC heap before
{Heap before GC invocations=6 (full 0):
 garbage-first heap   total 40960K, used 24864K [0x0000000741e00000, 0x0000000800000000)
  region size 2048K, 7 young (14336K), 1 survivors (2048K)
 Metaspace       used 28430K, committed 28608K, reserved 1114112K
  class space    used 3619K, committed 3712K, reserved 1048576K
}
Event: 1.803 GC heap after
{Heap after GC invocations=7 (full 0):
 garbage-first heap   total 118784K, used 13621K [0x0000000741e00000, 0x0000000800000000)
  region size 2048K, 1 young (2048K), 1 survivors (2048K)
 Metaspace       used 28430K, committed 28608K, reserved 1114112K
  class space    used 3619K, committed 3712K, reserved 1048576K
}
Event: 2.471 GC heap before
{Heap before GC invocations=7 (full 0):
 garbage-first heap   total 118784K, used 48437K [0x0000000741e00000, 0x0000000800000000)
  region size 2048K, 19 young (38912K), 1 survivors (2048K)
 Metaspace       used 35931K, committed 36096K, reserved 1114112K
  class space    used 4360K, committed 4480K, reserved 1048576K
}
Event: 2.482 GC heap after
{Heap after GC invocations=8 (full 0):
 garbage-first heap   total 118784K, used 16935K [0x0000000741e00000, 0x0000000800000000)
  region size 2048K, 3 young (6144K), 3 survivors (6144K)
 Metaspace       used 35931K, committed 36096K, reserved 1114112K
  class space    used 4360K, committed 4480K, reserved 1048576K
}
Event: 3.468 GC heap before
{Heap before GC invocations=9 (full 0):
 garbage-first heap   total 69632K, used 53799K [0x0000000741e00000, 0x0000000800000000)
  region size 2048K, 21 young (43008K), 3 survivors (6144K)
 Metaspace       used 41644K, committed 41856K, reserved 1114112K
  class space    used 5038K, committed 5120K, reserved 1048576K
}
Event: 3.487 GC heap after
{Heap after GC invocations=10 (full 0):
 garbage-first heap   total 69632K, used 24052K [0x0000000741e00000, 0x0000000800000000)
  region size 2048K, 4 young (8192K), 4 survivors (8192K)
 Metaspace       used 41644K, committed 41856K, reserved 1114112K
  class space    used 5038K, committed 5120K, reserved 1048576K
}
Event: 3.492 GC heap before
{Heap before GC invocations=10 (full 0):
 garbage-first heap   total 69632K, used 26100K [0x0000000741e00000, 0x0000000800000000)
  region size 2048K, 5 young (10240K), 4 survivors (8192K)
 Metaspace       used 41646K, committed 41856K, reserved 1114112K
  class space    used 5038K, committed 5120K, reserved 1048576K
}
Event: 3.508 GC heap after
{Heap after GC invocations=11 (full 0):
 garbage-first heap   total 69632K, used 25155K [0x0000000741e00000, 0x0000000800000000)
  region size 2048K, 1 young (2048K), 1 survivors (2048K)
 Metaspace       used 41646K, committed 41856K, reserved 1114112K
  class space    used 5038K, committed 5120K, reserved 1048576K
}
Event: 3.765 GC heap before
{Heap before GC invocations=11 (full 0):
 garbage-first heap   total 69632K, used 47683K [0x0000000741e00000, 0x0000000800000000)
  region size 2048K, 12 young (24576K), 1 survivors (2048K)
 Metaspace       used 42934K, committed 43136K, reserved 1114112K
  class space    used 5187K, committed 5312K, reserved 1048576K
}
Event: 3.775 GC heap after
{Heap after GC invocations=12 (full 0):
 garbage-first heap   total 69632K, used 28574K [0x0000000741e00000, 0x0000000800000000)
  region size 2048K, 2 young (4096K), 2 survivors (4096K)
 Metaspace       used 42934K, committed 43136K, reserved 1114112K
  class space    used 5187K, committed 5312K, reserved 1048576K
}
Event: 4.717 GC heap before
{Heap before GC invocations=12 (full 0):
 garbage-first heap   total 69632K, used 49054K [0x0000000741e00000, 0x0000000800000000)
  region size 2048K, 12 young (24576K), 2 survivors (4096K)
 Metaspace       used 44981K, committed 45184K, reserved 1114112K
  class space    used 5324K, committed 5440K, reserved 1048576K
}
Event: 4.735 GC heap after
{Heap after GC invocations=13 (full 0):
 garbage-first heap   total 180224K, used 32524K [0x0000000741e00000, 0x0000000800000000)
  region size 2048K, 2 young (4096K), 2 survivors (4096K)
 Metaspace       used 44981K, committed 45184K, reserved 1114112K
  class space    used 5324K, committed 5440K, reserved 1048576K
}
Event: 5.972 GC heap before
{Heap before GC invocations=13 (full 0):
 garbage-first heap   total 180224K, used 116492K [0x0000000741e00000, 0x0000000800000000)
  region size 2048K, 43 young (88064K), 2 survivors (4096K)
 Metaspace       used 47689K, committed 47872K, reserved 1114112K
  class space    used 5591K, committed 5696K, reserved 1048576K
}
Event: 5.991 GC heap after
{Heap after GC invocations=14 (full 0):
 garbage-first heap   total 180224K, used 40105K [0x0000000741e00000, 0x0000000800000000)
  region size 2048K, 6 young (12288K), 6 survivors (12288K)
 Metaspace       used 47689K, committed 47872K, reserved 1114112K
  class space    used 5591K, committed 5696K, reserved 1048576K
}
Event: 9.234 GC heap before
{Heap before GC invocations=14 (full 0):
 garbage-first heap   total 180224K, used 119977K [0x0000000741e00000, 0x0000000800000000)
  region size 2048K, 45 young (92160K), 6 survivors (12288K)
 Metaspace       used 58269K, committed 58496K, reserved 1114112K
  class space    used 6576K, committed 6656K, reserved 1048576K
}
Event: 9.258 GC heap after
{Heap after GC invocations=15 (full 0):
 garbage-first heap   total 180224K, used 49254K [0x0000000741e00000, 0x0000000800000000)
  region size 2048K, 5 young (10240K), 5 survivors (10240K)
 Metaspace       used 58269K, committed 58496K, reserved 1114112K
  class space    used 6576K, committed 6656K, reserved 1048576K
}
Event: 10.554 GC heap before
{Heap before GC invocations=15 (full 0):
 garbage-first heap   total 180224K, used 79974K [0x0000000741e00000, 0x0000000800000000)
  region size 2048K, 21 young (43008K), 5 survivors (10240K)
 Metaspace       used 60554K, committed 60736K, reserved 1114112K
  class space    used 6789K, committed 6848K, reserved 1048576K
}
Event: 10.570 GC heap after
{Heap after GC invocations=16 (full 0):
 garbage-first heap   total 180224K, used 55012K [0x0000000741e00000, 0x0000000800000000)
  region size 2048K, 3 young (6144K), 3 survivors (6144K)
 Metaspace       used 60554K, committed 60736K, reserved 1114112K
  class space    used 6789K, committed 6848K, reserved 1048576K
}
Event: 12.366 GC heap before
{Heap before GC invocations=17 (full 0):
 garbage-first heap   total 180224K, used 126692K [0x0000000741e00000, 0x0000000800000000)
  region size 2048K, 39 young (79872K), 3 survivors (6144K)
 Metaspace       used 68877K, committed 69056K, reserved 1114112K
  class space    used 7594K, committed 7680K, reserved 1048576K
}
Event: 12.379 GC heap after
{Heap after GC invocations=18 (full 0):
 garbage-first heap   total 180224K, used 57775K [0x0000000741e00000, 0x0000000800000000)
  region size 2048K, 5 young (10240K), 5 survivors (10240K)
 Metaspace       used 68877K, committed 69056K, reserved 1114112K
  class space    used 7594K, committed 7680K, reserved 1048576K
}

Dll operation events (2 events):
Event: 0.010 Loaded shared library C:\Program Files\Android\Android Studio\jbr\bin\java.dll
Event: 0.946 Loaded shared library C:\Program Files\Android\Android Studio\jbr\bin\verify.dll

Deoptimization events (20 events):
Event: 13.429 Thread 0x000001a9069616b0 Uncommon trap: trap_request=0xffffff45 fr.pc=0x000001a91345cee0 relative=0x0000000000000060
Event: 13.429 Thread 0x000001a9069616b0 Uncommon trap: reason=unstable_if action=reinterpret pc=0x000001a91345cee0 method=org.jetbrains.kotlin.ir.symbols.impl.IrSymbolBase.getDescriptor()Lorg/jetbrains/kotlin/descriptors/DeclarationDescriptor; @ 5 c2
Event: 13.429 Thread 0x000001a9069616b0 DEOPT PACKING pc=0x000001a91345cee0 sp=0x0000002c286fcdc0
Event: 13.429 Thread 0x000001a9069616b0 DEOPT UNPACKING pc=0x000001a912b969a3 sp=0x0000002c286fcd50 mode 2
Event: 13.494 Thread 0x000001a9069616b0 Uncommon trap: trap_request=0xffffffc6 fr.pc=0x000001a913559488 relative=0x0000000000000068
Event: 13.494 Thread 0x000001a9069616b0 Uncommon trap: reason=bimorphic_or_optimized_type_check action=maybe_recompile pc=0x000001a913559488 method=org.jetbrains.kotlin.ir.util.IrUtilsKt.isAnnotationClass(Lorg/jetbrains/kotlin/ir/declarations/IrClass;)Z @ 8 c2
Event: 13.494 Thread 0x000001a9069616b0 DEOPT PACKING pc=0x000001a913559488 sp=0x0000002c286fd1b0
Event: 13.494 Thread 0x000001a9069616b0 DEOPT UNPACKING pc=0x000001a912b969a3 sp=0x0000002c286fd150 mode 2
Event: 13.494 Thread 0x000001a9069616b0 Uncommon trap: trap_request=0xffffffc6 fr.pc=0x000001a913559488 relative=0x0000000000000068
Event: 13.494 Thread 0x000001a9069616b0 Uncommon trap: reason=bimorphic_or_optimized_type_check action=maybe_recompile pc=0x000001a913559488 method=org.jetbrains.kotlin.ir.util.IrUtilsKt.isAnnotationClass(Lorg/jetbrains/kotlin/ir/declarations/IrClass;)Z @ 8 c2
Event: 13.495 Thread 0x000001a9069616b0 DEOPT PACKING pc=0x000001a913559488 sp=0x0000002c286fd1b0
Event: 13.495 Thread 0x000001a9069616b0 DEOPT UNPACKING pc=0x000001a912b969a3 sp=0x0000002c286fd150 mode 2
Event: 13.495 Thread 0x000001a9069616b0 Uncommon trap: trap_request=0xffffff45 fr.pc=0x000001a91355b720 relative=0x0000000000000360
Event: 13.495 Thread 0x000001a9069616b0 Uncommon trap: reason=unstable_if action=reinterpret pc=0x000001a91355b720 method=org.jetbrains.kotlin.ir.declarations.lazy.IrLazySymbolTable$ExtensionWrapper.referenceClass(Lorg/jetbrains/kotlin/descriptors/ClassDescriptor;)Lorg/jetbrains/kotlin/ir/symbo
Event: 13.495 Thread 0x000001a9069616b0 DEOPT PACKING pc=0x000001a91355b720 sp=0x0000002c286fc550
Event: 13.495 Thread 0x000001a9069616b0 DEOPT UNPACKING pc=0x000001a912b969a3 sp=0x0000002c286fc468 mode 2
Event: 13.711 Thread 0x000001a9069616b0 Uncommon trap: trap_request=0xffffff3d fr.pc=0x000001a91341014c relative=0x0000000000005f4c
Event: 13.711 Thread 0x000001a9069616b0 Uncommon trap: reason=unstable_fused_if action=reinterpret pc=0x000001a91341014c method=org.jetbrains.kotlin.builtins.PrimitiveType$Companion.getByShortName(Ljava/lang/String;)Lorg/jetbrains/kotlin/builtins/PrimitiveType; @ 12 c2
Event: 13.711 Thread 0x000001a9069616b0 DEOPT PACKING pc=0x000001a91341014c sp=0x0000002c286fbb00
Event: 13.711 Thread 0x000001a9069616b0 DEOPT UNPACKING pc=0x000001a912b969a3 sp=0x0000002c286fb908 mode 2

Classes unloaded (0 events):
No events

Classes redefined (0 events):
No events

Internal exceptions (20 events):
Event: 2.687 Thread 0x000001a9069616b0 Exception <a 'java/lang/NoSuchMethodError'{0x0000000745744968}: 'java.lang.Object java.lang.invoke.Invokers$Holder.linkToTargetMethod(java.lang.Object, java.lang.Object, int, java.lang.Object)'> (0x0000000745744968) 
thrown [s\src\hotspot\share\interpreter\linkResolver.cpp, line 771]
Event: 3.910 Thread 0x000001a9069616b0 Exception <a 'java/lang/NoSuchMethodError'{0x000000074ddc2398}: 'java.lang.Object java.lang.invoke.DirectMethodHandle$Holder.newInvokeSpecial(java.lang.Object, java.lang.Object, java.lang.Object, java.lang.Object, java.lang.Object, java.lang.Object)'> (0x000000074ddc2398) 
thrown [s\src\hotspot\share\interpreter\linkResolver.cpp, line 771]
Event: 5.001 Thread 0x000001a9069616b0 Implicit null exception at 0x000001a9131793ef to 0x000001a9131795e8
Event: 5.001 Thread 0x000001a9069616b0 Implicit null exception at 0x000001a91317a78f to 0x000001a91317a809
Event: 5.162 Thread 0x000001a9069616b0 Exception <a 'java/lang/NoSuchMethodError'{0x000000074bfa7170}: 'java.lang.Object java.lang.invoke.DirectMethodHandle$Holder.newInvokeSpecial(java.lang.Object, int, java.lang.Object)'> (0x000000074bfa7170) 
thrown [s\src\hotspot\share\interpreter\linkResolver.cpp, line 771]
Event: 5.164 Thread 0x000001a9069616b0 Exception <a 'java/lang/NoSuchMethodError'{0x000000074bfad7d8}: 'int java.lang.invoke.DirectMethodHandle$Holder.invokeInterface(java.lang.Object, java.lang.Object)'> (0x000000074bfad7d8) 
thrown [s\src\hotspot\share\interpreter\linkResolver.cpp, line 771]
Event: 5.655 Thread 0x000001a9069616b0 Exception <a 'java/lang/NoSuchMethodError'{0x0000000748a107e8}: 'java.lang.Object java.lang.invoke.DirectMethodHandle$Holder.newInvokeSpecial(java.lang.Object, java.lang.Object, java.lang.Object, java.lang.Object, java.lang.Object)'> (0x0000000748a107e8) 
thrown [s\src\hotspot\share\interpreter\linkResolver.cpp, line 771]
Event: 6.016 Thread 0x000001a9069616b0 Implicit null exception at 0x000001a9131bd4cc to 0x000001a9131bd5d4
Event: 6.252 Thread 0x000001a9069616b0 Exception <a 'java/lang/NoSuchMethodError'{0x000000074c416920}: 'java.lang.Object java.lang.invoke.DirectMethodHandle$Holder.invokeInterface(java.lang.Object, java.lang.Object, java.lang.Object)'> (0x000000074c416920) 
thrown [s\src\hotspot\share\interpreter\linkResolver.cpp, line 771]
Event: 6.253 Thread 0x000001a9069616b0 Exception <a 'java/lang/IncompatibleClassChangeError'{0x000000074c41a7e0}: Found class java.lang.Object, but interface was expected> (0x000000074c41a7e0) 
thrown [s\src\hotspot\share\interpreter\linkResolver.cpp, line 838]
Event: 6.260 Thread 0x000001a9069616b0 Exception <a 'java/lang/NoSuchMethodError'{0x000000074c4499d8}: 'java.lang.Object java.lang.invoke.DirectMethodHandle$Holder.newInvokeSpecial(java.lang.Object, java.lang.Object, java.lang.Object, java.lang.Object, java.lang.Object, java.lang.Object, java.lang.Object)'> (0x000000074c4499d8) 
thrown [s\src\hotspot\share\interpreter\linkResolver.cpp, line 771]
Event: 6.260 Thread 0x000001a9069616b0 Exception <a 'java/lang/NoSuchMethodError'{0x000000074c44e838}: 'java.lang.Object java.lang.invoke.Invokers$Holder.linkToTargetMethod(java.lang.Object, java.lang.Object, java.lang.Object, java.lang.Object, java.lang.Object, java.lang.Object, java.lang.Object)'> (0x000000074c44e838) 
thrown [s\src\hotspot\share\interpreter\linkResolver.cpp, line 771]
Event: 6.785 Thread 0x000001a9069616b0 Implicit null exception at 0x000001a9132ae940 to 0x000001a9132af284
Event: 8.534 Thread 0x000001a9069616b0 Implicit null exception at 0x000001a91315df90 to 0x000001a91315e358
Event: 8.792 Thread 0x000001a9069616b0 Exception <a 'java/lang/NoSuchMethodError'{0x00000007493729b8}: 'java.lang.Object java.lang.invoke.DirectMethodHandle$Holder.invokeStaticInit(java.lang.Object, java.lang.Object, java.lang.Object, java.lang.Object)'> (0x00000007493729b8) 
thrown [s\src\hotspot\share\interpreter\linkResolver.cpp, line 771]
Event: 9.126 Thread 0x000001a9069616b0 Implicit null exception at 0x000001a913179a60 to 0x000001a913179afa
Event: 9.172 Thread 0x000001a9069616b0 Exception <a 'java/lang/NoSuchMethodError'{0x0000000748008720}: 'java.lang.Object java.lang.invoke.DirectMethodHandle$Holder.newInvokeSpecial(java.lang.Object, java.lang.Object, java.lang.Object, int, int)'> (0x0000000748008720) 
thrown [s\src\hotspot\share\interpreter\linkResolver.cpp, line 771]
Event: 9.172 Thread 0x000001a9069616b0 Exception <a 'java/lang/NoSuchMethodError'{0x000000074800c560}: 'java.lang.Object java.lang.invoke.DirectMethodHandle$Holder.invokeSpecial(java.lang.Object, java.lang.Object, java.lang.Object, java.lang.Object, int, int)'> (0x000000074800c560) 
thrown [s\src\hotspot\share\interpreter\linkResolver.cpp, line 771]
Event: 9.213 Thread 0x000001a9069616b0 Implicit null exception at 0x000001a91318cb70 to 0x000001a91318cdd0
Event: 9.277 Thread 0x000001a9069616b0 Exception <a 'java/lang/NoSuchMethodError'{0x000000074dc659d0}: 'java.lang.Object java.lang.invoke.DirectMethodHandle$Holder.invokeSpecial(java.lang.Object, java.lang.Object, int, int, java.lang.Object, java.lang.Object, java.lang.Object, java.lang.Object, java.lang.Object)'> (0x000000074dc659d0) 
thrown [s\src\hotspot\share\interpreter\linkResolver.cpp, line 771]

VM Operations (20 events):
Event: 12.847 Executing VM operation: HandshakeAllThreads
Event: 12.847 Executing VM operation: HandshakeAllThreads done
Event: 12.902 Executing VM operation: HandshakeAllThreads
Event: 12.902 Executing VM operation: HandshakeAllThreads done
Event: 12.929 Executing VM operation: ICBufferFull
Event: 12.929 Executing VM operation: ICBufferFull done
Event: 12.971 Executing VM operation: HandshakeAllThreads
Event: 12.971 Executing VM operation: HandshakeAllThreads done
Event: 13.075 Executing VM operation: HandshakeAllThreads
Event: 13.075 Executing VM operation: HandshakeAllThreads done
Event: 13.270 Executing VM operation: HandshakeAllThreads
Event: 13.270 Executing VM operation: HandshakeAllThreads done
Event: 13.291 Executing VM operation: ICBufferFull
Event: 13.291 Executing VM operation: ICBufferFull done
Event: 13.371 Executing VM operation: HandshakeAllThreads
Event: 13.371 Executing VM operation: HandshakeAllThreads done
Event: 13.711 Executing VM operation: HandshakeAllThreads
Event: 13.711 Executing VM operation: HandshakeAllThreads done
Event: 13.917 Executing VM operation: ICBufferFull
Event: 13.917 Executing VM operation: ICBufferFull done

Events (20 events):
Event: 13.731 Thread 0x000001a92457bc40 flushing nmethod 0x000001a90cb68190
Event: 13.731 Thread 0x000001a92457bc40 flushing nmethod 0x000001a90cb6bd90
Event: 13.731 Thread 0x000001a92457bc40 flushing nmethod 0x000001a90cb6d910
Event: 13.731 Thread 0x000001a92457bc40 flushing nmethod 0x000001a90cb73c90
Event: 13.731 Thread 0x000001a92457bc40 flushing nmethod 0x000001a90cb7f390
Event: 13.731 Thread 0x000001a92457bc40 flushing nmethod 0x000001a90cb82590
Event: 13.731 Thread 0x000001a92457bc40 flushing nmethod 0x000001a90cb83a10
Event: 13.731 Thread 0x000001a92457bc40 flushing nmethod 0x000001a90cb83e10
Event: 13.731 Thread 0x000001a92457bc40 flushing nmethod 0x000001a90cb86410
Event: 13.731 Thread 0x000001a92457bc40 flushing nmethod 0x000001a90cb97a90
Event: 13.731 Thread 0x000001a92457bc40 flushing nmethod 0x000001a90cb9ae90
Event: 13.731 Thread 0x000001a92457bc40 flushing nmethod 0x000001a90cbac610
Event: 13.731 Thread 0x000001a92457bc40 flushing nmethod 0x000001a90cbbc590
Event: 13.731 Thread 0x000001a92457bc40 flushing nmethod 0x000001a90cbe8510
Event: 13.731 Thread 0x000001a92457bc40 flushing nmethod 0x000001a90cbfd090
Event: 13.731 Thread 0x000001a92457bc40 flushing nmethod 0x000001a90cc03e10
Event: 13.731 Thread 0x000001a92457bc40 flushing nmethod 0x000001a90cc13810
Event: 13.731 Thread 0x000001a92457bc40 flushing nmethod 0x000001a90cc1cb90
Event: 13.733 Thread 0x000001a92457bc40 flushing nmethod 0x000001a90cde9c90
Event: 13.733 Thread 0x000001a92457bc40 flushing nmethod 0x000001a90ce93c10


Dynamic libraries:
0x00007ff749f50000 - 0x00007ff749f5a000 	C:\Program Files\Android\Android Studio\jbr\bin\java.exe
0x00007ffe83a30000 - 0x00007ffe83c28000 	C:\WINDOWS\SYSTEM32\ntdll.dll
0x00007ffe82e60000 - 0x00007ffe82f1d000 	C:\WINDOWS\System32\KERNEL32.DLL
0x00007ffe81760000 - 0x00007ffe81a56000 	C:\WINDOWS\System32\KERNELBASE.dll
0x00007ffe814e0000 - 0x00007ffe815e0000 	C:\WINDOWS\System32\ucrtbase.dll
0x00007ffe75a20000 - 0x00007ffe75a3b000 	C:\Program Files\Android\Android Studio\jbr\bin\VCRUNTIME140.dll
0x00007ffe5ae60000 - 0x00007ffe5ae77000 	C:\Program Files\Android\Android Studio\jbr\bin\jli.dll
0x00007ffe834e0000 - 0x00007ffe8367e000 	C:\WINDOWS\System32\USER32.dll
0x00007ffe81610000 - 0x00007ffe81632000 	C:\WINDOWS\System32\win32u.dll
0x00007ffe70290000 - 0x00007ffe7052a000 	C:\WINDOWS\WinSxS\amd64_microsoft.windows.common-controls_6595b64144ccf1df_6.0.19041.3636_none_60b6a03d71f818d5\COMCTL32.dll
0x00007ffe82810000 - 0x00007ffe8283b000 	C:\WINDOWS\System32\GDI32.dll
0x00007ffe82770000 - 0x00007ffe8280e000 	C:\WINDOWS\System32\msvcrt.dll
0x00007ffe81640000 - 0x00007ffe81757000 	C:\WINDOWS\System32\gdi32full.dll
0x00007ffe812d0000 - 0x00007ffe8136d000 	C:\WINDOWS\System32\msvcp_win.dll
0x00007ffe81ca0000 - 0x00007ffe81cd2000 	C:\WINDOWS\System32\IMM32.DLL
0x00007ffe7b850000 - 0x00007ffe7b85c000 	C:\Program Files\Android\Android Studio\jbr\bin\vcruntime140_1.dll
0x00007ffe59060000 - 0x00007ffe590ed000 	C:\Program Files\Android\Android Studio\jbr\bin\msvcp140.dll
0x00007ffe09b90000 - 0x00007ffe0a810000 	C:\Program Files\Android\Android Studio\jbr\bin\server\jvm.dll
0x00007ffe83680000 - 0x00007ffe83730000 	C:\WINDOWS\System32\ADVAPI32.dll
0x00007ffe81b10000 - 0x00007ffe81bb0000 	C:\WINDOWS\System32\sechost.dll
0x00007ffe82640000 - 0x00007ffe82765000 	C:\WINDOWS\System32\RPCRT4.dll
0x00007ffe815e0000 - 0x00007ffe81607000 	C:\WINDOWS\System32\bcrypt.dll
0x00007ffe794a0000 - 0x00007ffe794a9000 	C:\WINDOWS\SYSTEM32\WSOCK32.dll
0x00007ffe706b0000 - 0x00007ffe706d7000 	C:\WINDOWS\SYSTEM32\WINMM.dll
0x00007ffe83730000 - 0x00007ffe8379b000 	C:\WINDOWS\System32\WS2_32.dll
0x00007ffe79cd0000 - 0x00007ffe79cda000 	C:\WINDOWS\SYSTEM32\VERSION.dll
0x00007ffe7f970000 - 0x00007ffe7f982000 	C:\WINDOWS\SYSTEM32\kernel.appcore.dll
0x00007ffe78710000 - 0x00007ffe7871a000 	C:\Program Files\Android\Android Studio\jbr\bin\jimage.dll
0x00007ffe7f700000 - 0x00007ffe7f8e4000 	C:\WINDOWS\SYSTEM32\DBGHELP.DLL
0x00007ffe76510000 - 0x00007ffe76544000 	C:\WINDOWS\SYSTEM32\dbgcore.DLL
0x00007ffe810e0000 - 0x00007ffe81162000 	C:\WINDOWS\System32\bcryptPrimitives.dll
0x00007ffe74100000 - 0x00007ffe74125000 	C:\Program Files\Android\Android Studio\jbr\bin\java.dll
0x00007ffe73a40000 - 0x00007ffe73a58000 	C:\Program Files\Android\Android Studio\jbr\bin\zip.dll
0x00007ffe81e10000 - 0x00007ffe8257b000 	C:\WINDOWS\System32\SHELL32.dll
0x00007ffe7ef60000 - 0x00007ffe7f6fe000 	C:\WINDOWS\SYSTEM32\windows.storage.dll
0x00007ffe83180000 - 0x00007ffe834d3000 	C:\WINDOWS\System32\combase.dll
0x00007ffe80b10000 - 0x00007ffe80b3e000 	C:\WINDOWS\SYSTEM32\Wldp.dll
0x00007ffe82f20000 - 0x00007ffe82fed000 	C:\WINDOWS\System32\OLEAUT32.dll
0x00007ffe81a60000 - 0x00007ffe81b0d000 	C:\WINDOWS\System32\SHCORE.dll
0x00007ffe830b0000 - 0x00007ffe83105000 	C:\WINDOWS\System32\shlwapi.dll
0x00007ffe81010000 - 0x00007ffe81035000 	C:\WINDOWS\SYSTEM32\profapi.dll
0x00007ffe6c370000 - 0x00007ffe6c389000 	C:\Program Files\Android\Android Studio\jbr\bin\net.dll
0x00007ffe79880000 - 0x00007ffe7998a000 	C:\WINDOWS\SYSTEM32\WINHTTP.dll
0x00007ffe80870000 - 0x00007ffe808da000 	C:\WINDOWS\system32\mswsock.dll
0x00007ffe6c350000 - 0x00007ffe6c366000 	C:\Program Files\Android\Android Studio\jbr\bin\nio.dll
0x00007ffe74f70000 - 0x00007ffe74f80000 	C:\Program Files\Android\Android Studio\jbr\bin\verify.dll

dbghelp: loaded successfully - version: 4.0.5 - missing functions: none
symbol engine: initialized successfully - sym options: 0x614 - pdb path: .;C:\Program Files\Android\Android Studio\jbr\bin;C:\WINDOWS\SYSTEM32;C:\WINDOWS\WinSxS\amd64_microsoft.windows.common-controls_6595b64144ccf1df_6.0.19041.3636_none_60b6a03d71f818d5;C:\Program Files\Android\Android Studio\jbr\bin\server

VM Arguments:
java_command: org.jetbrains.kotlin.cli.jvm.K2JVMCompiler @C:\Users\Lydia\Documents\FP\TFG\AnxietyCatApp\app\build\20240314_1204968213657915559.compiler.options
java_class_path (initial): C:\Users\Lydia\.gradle\caches\modules-2\files-2.1\org.jetbrains.kotlin\kotlin-compiler-embeddable\1.9.22\9cd4dc7773cf2a99ecd961a88fbbc9a2da3fb5e1\kotlin-compiler-embeddable-1.9.22.jar;C:\Users\Lydia\.gradle\caches\modules-2\files-2.1\org.jetbrains.kotlin\kotlin-stdlib\1.9.22\d6c44cd08d8f3f9bece8101216dbe6553365c6e3\kotlin-stdlib-1.9.22.jar;C:\Users\Lydia\.gradle\caches\modules-2\files-2.1\org.jetbrains.kotlin\kotlin-script-runtime\1.9.22\f8139a46fc677ec9badc49ae954392f4f5e7e7c7\kotlin-script-runtime-1.9.22.jar;C:\Users\Lydia\.gradle\caches\modules-2\files-2.1\org.jetbrains.kotlin\kotlin-reflect\1.6.10\1cbe9c92c12a94eea200d23c2bbaedaf3daf5132\kotlin-reflect-1.6.10.jar;C:\Users\Lydia\.gradle\caches\modules-2\files-2.1\org.jetbrains.kotlin\kotlin-daemon-embeddable\1.9.22\20e2c5df715f3240c765cfc222530e2796542021\kotlin-daemon-embeddable-1.9.22.jar;C:\Users\Lydia\.gradle\caches\modules-2\files-2.1\org.jetbrains.intellij.deps\trove4j\1.0.20200330\3afb14d5f9ceb459d724e907a21145e8ff394f02\trove4j-1.0.20200330.jar;C:\Users\Lydia\.gradle\caches\modules-2\files-2.1\org.jetbrains\annotations\13.0\919f0dfe192fb4e063e7dacadee7f8bb9a2672a9\annotations-13.0.jar
Launcher Type: SUN_STANDARD

[Global flags]
     intx CICompilerCount                          = 3                                         {product} {ergonomic}
     uint ConcGCThreads                            = 1                                         {product} {ergonomic}
     uint G1ConcRefinementThreads                  = 4                                         {product} {ergonomic}
   size_t G1HeapRegionSize                         = 2097152                                   {product} {ergonomic}
    uintx GCDrainStackTargetSize                   = 64                                        {product} {ergonomic}
   size_t InitialHeapSize                          = 201326592                                 {product} {ergonomic}
   size_t MarkStackSize                            = 4194304                                   {product} {ergonomic}
   size_t MaxHeapSize                              = 3189768192                                {product} {ergonomic}
   size_t MaxNewSize                               = 1912602624                                {product} {ergonomic}
   size_t MinHeapDeltaBytes                        = 2097152                                   {product} {ergonomic}
   size_t MinHeapSize                              = 8388608                                   {product} {ergonomic}
    uintx NonNMethodCodeHeapSize                   = 5832780                                {pd product} {ergonomic}
    uintx NonProfiledCodeHeapSize                  = 122912730                              {pd product} {ergonomic}
    uintx ProfiledCodeHeapSize                     = 122912730                              {pd product} {ergonomic}
    uintx ReservedCodeCacheSize                    = 251658240                              {pd product} {ergonomic}
     bool SegmentedCodeCache                       = true                                      {product} {ergonomic}
   size_t SoftMaxHeapSize                          = 3189768192                             {manageable} {ergonomic}
     bool UseCompressedClassPointers               = true                           {product lp64_product} {ergonomic}
     bool UseCompressedOops                        = true                           {product lp64_product} {ergonomic}
     bool UseG1GC                                  = true                                      {product} {ergonomic}
     bool UseLargePagesIndividualAllocation        = false                                  {pd product} {ergonomic}

Logging:
Log output configuration:
 #0: stdout all=warning uptime,level,tags
 #1: stderr all=off uptime,level,tags

Environment Variables:
PATH=C:\Program Files\Common Files\Oracle\Java\javapath;C:\Program Files (x86)\Common Files\Oracle\Java\javapath;C:\Program Files (x86)\Intel\iCLS Client\;C:\Program Files\Intel\iCLS Client\;C:\windows\system32;C:\windows;C:\windows\System32\Wbem;C:\windows\System32\WindowsPowerShell\v1.0\;C:\Program Files (x86)\Intel\Intel(R) Management Engine Components\DAL;C:\Program Files\Intel\Intel(R) Management Engine Components\DAL;C:\Program Files (x86)\Intel\Intel(R) Management Engine Components\IPT;C:\Program Files\Intel\Intel(R) Management Engine Components\IPT;C:\Program Files (x86)\NVIDIA Corporation\PhysX\Common;C:\WINDOWS\system32;C:\WINDOWS;C:\WINDOWS\System32\Wbem;C:\WINDOWS\System32\WindowsPowerShell\v1.0\;C:\WINDOWS\System32\OpenSSH\;C:\Program Files\Crucial\Crucial Storage Executive;C:\Program Files\AutoFirma\AutoFirma;C:\Program Files\MySQL\MySQL Server 8.0\bin;C:\Users\Lydia\AppData\Local\Microsoft\WindowsApps;;C:\Program Files\Azure Data Studio\bin
USERNAME=Lydia
OS=Windows_NT
PROCESSOR_IDENTIFIER=Intel64 Family 6 Model 142 Stepping 9, GenuineIntel
TMP=C:\Users\Lydia\AppData\Local\Temp
TEMP=C:\Users\Lydia\AppData\Local\Temp


JNI global refs:
JNI global refs: 10, weak refs: 20

JNI global refs memory usage: 843, weak refs: 841

OOME stack traces (most recent first):
Classloader memory used:
Loader jdk.internal.loader.ClassLoaders$AppClassLoader                                 : 7797K
Loader bootstrap                                                                       : 1330K
Loader jdk.internal.reflect.DelegatingClassLoader                                      : 9249B


---------------  S Y S T E M  ---------------

OS:
 Windows 10 , 64 bit Build 19041 (10.0.19041.3636)
OS uptime: 0 days 23:23 hours

CPU: total 4 (initial active 4) (2 cores per cpu, 2 threads per core) family 6 model 142 stepping 9 microcode 0xca, cx8, cmov, fxsr, ht, mmx, 3dnowpref, sse, sse2, sse3, ssse3, sse4.1, sse4.2, popcnt, lzcnt, tsc, tscinvbit, avx, avx2, aes, erms, clmul, bmi1, bmi2, adx, fma, vzeroupper, clflush, clflushopt

Memory: 4k page, system-wide physical 12160M (948M free)
TotalPageFile size 12160M (AvailPageFile size 5M)
current process WorkingSet (physical memory assigned to process): 366M, peak: 370M
current process commit charge ("private bytes"): 409M, peak: 416M

vm_info: OpenJDK 64-Bit Server VM (17.0.7+0-b2043.56-10550314) for windows-amd64 JRE (17.0.7+0-b2043.56-10550314), built on Jul 24 2023 18:27:45 by "androidbuild" with MS VC++ 16.10 / 16.11 (VS2019)

END.
